d:\learning\c++\sdr\build\sdr.dir\debug\vc120.pdb
d:\learning\c++\sdr\build\sdr.dir\debug\thread_test.obj
d:\learning\c++\sdr\build\sdr.dir\debug\thread_pool.obj
d:\learning\c++\sdr\build\sdr.dir\debug\main.obj
d:\learning\c++\sdr\build\sdr.dir\debug\statemachine.obj
d:\learning\c++\sdr\build\sdr.dir\debug\sdr_engine.obj
d:\learning\c++\sdr\build\sdr.dir\debug\sdr.obj
d:\learning\c++\sdr\build\sdr.dir\debug\myswitch.obj
d:\learning\c++\sdr\build\sdr.dir\debug\mysingleton.obj
d:\learning\c++\sdr\build\sdr.dir\debug\mysingleton-queue.obj
d:\learning\c++\sdr\build\sdr.dir\debug\mycontext.obj
d:\learning\c++\sdr\build\sdr.dir\debug\mocs_compilation.obj
d:\learning\c++\sdr\build\ui_sdr.h
d:\learning\c++\sdr\build\cmakefiles\generate.stamp
d:\learning\c++\sdr\build\debug\sdr.pdb
d:\learning\c++\sdr\build\sdr.dir\debug\sdr.tlog\cl.command.1.tlog
d:\learning\c++\sdr\build\sdr.dir\debug\sdr.tlog\cl.read.1.tlog
d:\learning\c++\sdr\build\sdr.dir\debug\sdr.tlog\cl.write.1.tlog
d:\learning\c++\sdr\build\sdr.dir\debug\sdr.tlog\custombuild.command.1.tlog
d:\learning\c++\sdr\build\sdr.dir\debug\sdr.tlog\custombuild.read.1.tlog
d:\learning\c++\sdr\build\sdr.dir\debug\sdr.tlog\custombuild.write.1.tlog
d:\learning\c++\sdr\build\sdr.dir\debug\sdr.tlog\link-cvtres.read.1.tlog
d:\learning\c++\sdr\build\sdr.dir\debug\sdr.tlog\link-cvtres.write.1.tlog
d:\learning\c++\sdr\build\sdr.dir\debug\sdr.tlog\link-rc.read.1.tlog
d:\learning\c++\sdr\build\sdr.dir\debug\sdr.tlog\link-rc.write.1.tlog
d:\learning\c++\sdr\build\sdr.dir\debug\sdr.tlog\link.command.1.tlog
d:\learning\c++\sdr\build\sdr.dir\debug\sdr.tlog\link.read.1.tlog
d:\learning\c++\sdr\build\sdr.dir\debug\sdr.tlog\link.write.1.tlog
