生成启动时间为 2022/3/8 16:20:13。
     1>项目“D:\Learning\C++\Design Mode\DecoratorModell\build\DecoratorModell.vcxproj”在节点 2 上(Build 个目标)。
     1>CustomBuild:
         Building Custom Rule D:/Learning/C++/Design Mode/DecoratorModell/CMakeLists.txt
       ClCompile:
         E:\VS2013\VC\bin\CL.exe /c /I"D:\Learning\C++\Design Mode\DecoratorModell\build" /I"D:\Learning\C++\Design Mode\DecoratorModell" /Zi /nologo /W3 /WX- /Od /Ob0 /Oy- /D WIN32 /D _WINDOWS /D "CMAKE_INTDIR=\"Debug\"" /D _MBCS /Gm- /EHsc /RTC1 /MDd /GS /fp:precise /Zc:wchar_t /Zc:forScope /GR /Fo"DecoratorModell.dir\Debug\\" /Fd"DecoratorModell.dir\Debug\vc120.pdb" /Gd /TP /analyze- /errorReport:prompt "D:\Learning\C++\Design Mode\DecoratorModell\BeDescripDrinks.cpp" "D:\Learning\C++\Design Mode\DecoratorModell\BeDescription.cpp" "D:\Learning\C++\Design Mode\DecoratorModell\Descriptions.cpp" "D:\Learning\C++\Design Mode\DecoratorModell\Drinks.cpp" "D:\Learning\C++\Design Mode\DecoratorModell\main.cpp"
         BeDescripDrinks.cpp
         BeDescription.cpp
     1>d:\learning\c++\design mode\decoratormodell\BeDescription.h : warning C4819: 该文件包含不能在当前代码页(936)中表示的字符。请将该文件保存为 Unicode 格式以防止数据丢失
     1>d:\learning\c++\design mode\decoratormodell\Descriptions.h : warning C4819: 该文件包含不能在当前代码页(936)中表示的字符。请将该文件保存为 Unicode 格式以防止数据丢失
     1>D:\Learning\C++\Design Mode\DecoratorModell\BeDescription.cpp(25): warning C4244: “return”: 从“double”转换到“float”，可能丢失数据
     1>D:\Learning\C++\Design Mode\DecoratorModell\BeDescription.cpp(62): warning C4244: “return”: 从“double”转换到“float”，可能丢失数据
         Descriptions.cpp
     1>d:\learning\c++\design mode\decoratormodell\Descriptions.h : warning C4819: 该文件包含不能在当前代码页(936)中表示的字符。请将该文件保存为 Unicode 格式以防止数据丢失
         Drinks.cpp
         main.cpp
     1>D:\Learning\C++\Design Mode\DecoratorModell\main.cpp : warning C4819: 该文件包含不能在当前代码页(936)中表示的字符。请将该文件保存为 Unicode 格式以防止数据丢失
     1>d:\learning\c++\design mode\decoratormodell\BeDescription.h : warning C4819: 该文件包含不能在当前代码页(936)中表示的字符。请将该文件保存为 Unicode 格式以防止数据丢失
     1>d:\learning\c++\design mode\decoratormodell\Descriptions.h : warning C4819: 该文件包含不能在当前代码页(936)中表示的字符。请将该文件保存为 Unicode 格式以防止数据丢失
         正在生成代码...
       Link:
         E:\VS2013\VC\bin\link.exe /ERRORREPORT:PROMPT /OUT:"D:\Learning\C++\Design Mode\DecoratorModell\build\Debug\DecoratorModell.exe" /INCREMENTAL /NOLOGO kernel32.lib user32.lib gdi32.lib winspool.lib shell32.lib ole32.lib oleaut32.lib uuid.lib comdlg32.lib advapi32.lib /MANIFEST /MANIFESTUAC:"level='asInvoker' uiAccess='false'" /manifest:embed /DEBUG /PDB:"D:/Learning/C++/Design Mode/DecoratorModell/build/Debug/DecoratorModell.pdb" /SUBSYSTEM:CONSOLE /TLBID:1 /DYNAMICBASE /NXCOMPAT /IMPLIB:"D:/Learning/C++/Design Mode/DecoratorModell/build/Debug/DecoratorModell.lib" /MACHINE:X86 /SAFESEH  /machine:X86 DecoratorModell.dir\Debug\BeDescripDrinks.obj
         DecoratorModell.dir\Debug\BeDescription.obj
         DecoratorModell.dir\Debug\Descriptions.obj
         DecoratorModell.dir\Debug\Drinks.obj
         DecoratorModell.dir\Debug\main.obj
         DecoratorModell.vcxproj -> D:\Learning\C++\Design Mode\DecoratorModell\build\Debug\DecoratorModell.exe
     1>已完成生成项目“D:\Learning\C++\Design Mode\DecoratorModell\build\DecoratorModell.vcxproj”(Build 个目标)的操作。

生成成功。

已用时间 00:00:02.21
